nohup: ignoring input
node:events:497
      throw er; // Unhandled 'error' event
      ^

Error: listen EADDRINUSE: address already in use :::3001
    at Server.setupListenHandle [as _listen2] (node:net:1898:16)
    at listenInCluster (node:net:1946:12)
    at Server.listen (node:net:2044:7)
    at Function.listen (/media/s/b334e5b5-c426-4a62-976f-b09c651ec429/s/sum 2025/cs340/week7/Project-Step-4/controllerAndModel/node_modules/express/lib/application.js:635:24)
    at file:///media/s/b334e5b5-c426-4a62-976f-b09c651ec429/s/sum%202025/cs340/week7/Project-Step-4/controllerAndModel/server.js:128:5
    at ModuleJob.run (node:internal/modules/esm/module_job:222:25)
    at async ModuleLoader.import (node:internal/modules/esm/loader:316:24)
    at async asyncRunEntryPointWithESMLoader (node:internal/modules/run_main:123:5)
Emitted 'error' event on Server instance at:
    at emitErrorNT (node:net:1925:8)
    at process.processTicksAndRejections (node:internal/process/task_queues:82:21) {
  code: 'EADDRINUSE',
  errno: -98,
  syscall: 'listen',
  address: '::',
  port: 3001
}

Node.js v20.15.0
